<?xml version="1.0" encoding="UTF-8"?>
<!-- Generated by org.testng.reporters.JUnitReportReporter -->
<testsuite skipped="0" hostname="DESKTOP-OM1RQ4M" name="week8.day1.BlueLagoon" tests="1" failures="0" timestamp="2019-10-12T15:33:30 IST" time="12.096" errors="0">
  <testcase name="main" time="12.096" classname="week8.day1.BlueLagoon"/>
</testsuite> <!-- week8.day1.BlueLagoon -->
